[2026-03-25T22:24:02] Improvements:
- - Revisa MEMORY.md i actualitza categories: idioma (Català), zona horària, format de data.
- - Crea un resum nocturn (session-nightly) amb temes i properes accions.
- - Implementa compressió de context en prompts (estalvi de tokens).
- - Activa descomposició de tasques per a tasques complexes.
- - Revisió interna (tick 0): detectar fallades i registrar-ho.

[2026-03-25T22:39:02] Improvements:
- - Revisa MEMORY.md i actualitza categories: idioma (Català), zona horària, format de data.
- - Crea un resum nocturn (session-nightly) amb temes i properes accions.
- - Implementa compressió de context en prompts (estalvi de tokens).
- - Activa descomposició de tasques per a tasques complexes.
- - Revisió interna (tick 1): detectar fallades i registrar-ho.

[2026-03-25T22:54:02] Improvements:
- - Revisa MEMORY.md i actualitza categories: idioma (Català), zona horària, format de data.
- - Crea un resum nocturn (session-nightly) amb temes i properes accions.
- - Implementa compressió de context en prompts (estalvi de tokens).
- - Activa descomposició de tasques per a tasques complexes.
- - Revisió interna (tick 2): detectar fallades i registrar-ho.

[2026-03-25T23:09:02] Improvements:
- - Revisa MEMORY.md i actualitza categories: idioma (Català), zona horària, format de data.
- - Crea un resum nocturn (session-nightly) amb temes i properes accions.
- - Implementa compressió de context en prompts (estalvi de tokens).
- - Activa descomposició de tasques per a tasques complexes.
- - Revisió interna (tick 3): detectar fallades i registrar-ho.

[2026-03-25T23:24:02] Improvements:
- - Revisa MEMORY.md i actualitza categories: idioma (Català), zona horària, format de data.
- - Crea un resum nocturn (session-nightly) amb temes i properes accions.
- - Implementa compressió de context en prompts (estalvi de tokens).
- - Activa descomposició de tasques per a tasques complexes.
- - Revisió interna (tick 4): detectar fallades i registrar-ho.

[2026-03-25T23:39:02] Improvements:
- - Revisa MEMORY.md i actualitza categories: idioma (Català), zona horària, format de data.
- - Crea un resum nocturn (session-nightly) amb temes i properes accions.
- - Implementa compressió de context en prompts (estalvi de tokens).
- - Activa descomposició de tasques per a tasques complexes.
- - Revisió interna (tick 5): detectar fallades i registrar-ho.

[2026-03-25T23:54:02] Improvements:
- - Revisa MEMORY.md i actualitza categories: idioma (Català), zona horària, format de data.
- - Crea un resum nocturn (session-nightly) amb temes i properes accions.
- - Implementa compressió de context en prompts (estalvi de tokens).
- - Activa descomposició de tasques per a tasques complexes.
- - Revisió interna (tick 6): detectar fallades i registrar-ho.

[2026-03-26T00:09:02] Improvements:
- - Revisa MEMORY.md i actualitza categories: idioma (Català), zona horària, format de data.
- - Crea un resum nocturn (session-nightly) amb temes i properes accions.
- - Implementa compressió de context en prompts (estalvi de tokens).
- - Activa descomposició de tasques per a tasques complexes.
- - Revisió interna (tick 7): detectar fallades i registrar-ho.

[2026-03-26T00:24:02] Improvements:
- - Revisa MEMORY.md i actualitza categories: idioma (Català), zona horària, format de data.
- - Crea un resum nocturn (session-nightly) amb temes i properes accions.
- - Implementa compressió de context en prompts (estalvi de tokens).
- - Activa descomposició de tasques per a tasques complexes.
- - Revisió interna (tick 8): detectar fallades i registrar-ho.

[2026-03-26T00:39:02] Improvements:
- - Revisa MEMORY.md i actualitza categories: idioma (Català), zona horària, format de data.
- - Crea un resum nocturn (session-nightly) amb temes i properes accions.
- - Implementa compressió de context en prompts (estalvi de tokens).
- - Activa descomposició de tasques per a tasques complexes.
- - Revisió interna (tick 9): detectar fallades i registrar-ho.

[2026-03-26T00:54:03] Improvements:
- - Revisa MEMORY.md i actualitza categories: idioma (Català), zona horària, format de data.
- - Crea un resum nocturn (session-nightly) amb temes i properes accions.
- - Implementa compressió de context en prompts (estalvi de tokens).
- - Activa descomposició de tasques per a tasques complexes.
- - Revisió interna (tick 10): detectar fallades i registrar-ho.

[2026-03-26T01:09:03] Improvements:
- - Revisa MEMORY.md i actualitza categories: idioma (Català), zona horària, format de data.
- - Crea un resum nocturn (session-nightly) amb temes i properes accions.
- - Implementa compressió de context en prompts (estalvi de tokens).
- - Activa descomposició de tasques per a tasques complexes.
- - Revisió interna (tick 11): detectar fallades i registrar-ho.

[2026-03-26T01:24:03] Improvements:
- - Revisa MEMORY.md i actualitza categories: idioma (Català), zona horària, format de data.
- - Crea un resum nocturn (session-nightly) amb temes i properes accions.
- - Implementa compressió de context en prompts (estalvi de tokens).
- - Activa descomposició de tasques per a tasques complexes.
- - Revisió interna (tick 12): detectar fallades i registrar-ho.

[2026-03-26T01:39:03] Improvements:
- - Revisa MEMORY.md i actualitza categories: idioma (Català), zona horària, format de data.
- - Crea un resum nocturn (session-nightly) amb temes i properes accions.
- - Implementa compressió de context en prompts (estalvi de tokens).
- - Activa descomposició de tasques per a tasques complexes.
- - Revisió interna (tick 13): detectar fallades i registrar-ho.

[2026-03-26T01:54:03] Improvements:
- - Revisa MEMORY.md i actualitza categories: idioma (Català), zona horària, format de data.
- - Crea un resum nocturn (session-nightly) amb temes i properes accions.
- - Implementa compressió de context en prompts (estalvi de tokens).
- - Activa descomposició de tasques per a tasques complexes.
- - Revisió interna (tick 14): detectar fallades i registrar-ho.

[2026-03-26T02:09:03] Improvements:
- - Revisa MEMORY.md i actualitza categories: idioma (Català), zona horària, format de data.
- - Crea un resum nocturn (session-nightly) amb temes i properes accions.
- - Implementa compressió de context en prompts (estalvi de tokens).
- - Activa descomposició de tasques per a tasques complexes.
- - Revisió interna (tick 15): detectar fallades i registrar-ho.

[2026-03-26T02:24:03] Improvements:
- - Revisa MEMORY.md i actualitza categories: idioma (Català), zona horària, format de data.
- - Crea un resum nocturn (session-nightly) amb temes i properes accions.
- - Implementa compressió de context en prompts (estalvi de tokens).
- - Activa descomposició de tasques per a tasques complexes.
- - Revisió interna (tick 16): detectar fallades i registrar-ho.

[2026-03-26T02:39:03] Improvements:
- - Revisa MEMORY.md i actualitza categories: idioma (Català), zona horària, format de data.
- - Crea un resum nocturn (session-nightly) amb temes i properes accions.
- - Implementa compressió de context en prompts (estalvi de tokens).
- - Activa descomposició de tasques per a tasques complexes.
- - Revisió interna (tick 17): detectar fallades i registrar-ho.

[2026-03-26T02:54:03] Improvements:
- - Revisa MEMORY.md i actualitza categories: idioma (Català), zona horària, format de data.
- - Crea un resum nocturn (session-nightly) amb temes i properes accions.
- - Implementa compressió de context en prompts (estalvi de tokens).
- - Activa descomposició de tasques per a tasques complexes.
- - Revisió interna (tick 18): detectar fallades i registrar-ho.

[2026-03-26T03:09:03] Improvements:
- - Revisa MEMORY.md i actualitza categories: idioma (Català), zona horària, format de data.
- - Crea un resum nocturn (session-nightly) amb temes i properes accions.
- - Implementa compressió de context en prompts (estalvi de tokens).
- - Activa descomposició de tasques per a tasques complexes.
- - Revisió interna (tick 19): detectar fallades i registrar-ho.

[2026-03-26T03:24:03] Improvements:
- - Revisa MEMORY.md i actualitza categories: idioma (Català), zona horària, format de data.
- - Crea un resum nocturn (session-nightly) amb temes i properes accions.
- - Implementa compressió de context en prompts (estalvi de tokens).
- - Activa descomposició de tasques per a tasques complexes.
- - Revisió interna (tick 20): detectar fallades i registrar-ho.

[2026-03-26T03:39:03] Improvements:
- - Revisa MEMORY.md i actualitza categories: idioma (Català), zona horària, format de data.
- - Crea un resum nocturn (session-nightly) amb temes i properes accions.
- - Implementa compressió de context en prompts (estalvi de tokens).
- - Activa descomposició de tasques per a tasques complexes.
- - Revisió interna (tick 21): detectar fallades i registrar-ho.

[2026-03-26T03:54:03] Improvements:
- - Revisa MEMORY.md i actualitza categories: idioma (Català), zona horària, format de data.
- - Crea un resum nocturn (session-nightly) amb temes i properes accions.
- - Implementa compressió de context en prompts (estalvi de tokens).
- - Activa descomposició de tasques per a tasques complexes.
- - Revisió interna (tick 22): detectar fallades i registrar-ho.

[2026-03-26T04:09:03] Improvements:
- - Revisa MEMORY.md i actualitza categories: idioma (Català), zona horària, format de data.
- - Crea un resum nocturn (session-nightly) amb temes i properes accions.
- - Implementa compressió de context en prompts (estalvi de tokens).
- - Activa descomposició de tasques per a tasques complexes.
- - Revisió interna (tick 23): detectar fallades i registrar-ho.

[2026-03-26T04:24:03] Improvements:
- - Revisa MEMORY.md i actualitza categories: idioma (Català), zona horària, format de data.
- - Crea un resum nocturn (session-nightly) amb temes i properes accions.
- - Implementa compressió de context en prompts (estalvi de tokens).
- - Activa descomposició de tasques per a tasques complexes.
- - Revisió interna (tick 24): detectar fallades i registrar-ho.

[2026-03-26T04:39:03] Improvements:
- - Revisa MEMORY.md i actualitza categories: idioma (Català), zona horària, format de data.
- - Crea un resum nocturn (session-nightly) amb temes i properes accions.
- - Implementa compressió de context en prompts (estalvi de tokens).
- - Activa descomposició de tasques per a tasques complexes.
- - Revisió interna (tick 25): detectar fallades i registrar-ho.

[2026-03-26T04:54:03] Improvements:
- - Revisa MEMORY.md i actualitza categories: idioma (Català), zona horària, format de data.
- - Crea un resum nocturn (session-nightly) amb temes i properes accions.
- - Implementa compressió de context en prompts (estalvi de tokens).
- - Activa descomposició de tasques per a tasques complexes.
- - Revisió interna (tick 26): detectar fallades i registrar-ho.

